#
# There is insufficient memory for the Java Runtime Environment to continue.
# Native memory allocation (malloc) failed to allocate 56096 bytes. Error detail: Chunk::new
# Possible reasons:
#   The system is out of physical RAM or swap space
#   This process is running with CompressedOops enabled, and the Java Heap may be blocking the growth of the native heap
# Possible solutions:
#   Reduce memory load on the system
#   Increase physical memory or swap space
#   Check if swap backing store is full
#   Decrease Java heap size (-Xmx/-Xms)
#   Decrease number of Java threads
#   Decrease Java thread stack sizes (-Xss)
#   Set larger code cache with -XX:ReservedCodeCacheSize=
#   JVM is running with Unscaled Compressed Oops mode in which the Java heap is
#     placed in the first 4GB address space. The Java Heap base address is the
#     maximum limit for the native heap growth. Please use -XX:HeapBaseMinAddress
#     to set the Java Heap base and to place the Java Heap above 4GB virtual address.
# This output file may be truncated or incomplete.
#
#  Out of Memory Error (arena.cpp:168), pid=1132, tid=16760
#
# JRE version: OpenJDK Runtime Environment JBR-21.0.3+13-509.11-jcef (21.0.3+13) (build 21.0.3+13-b509.11)
# Java VM: OpenJDK 64-Bit Server VM JBR-21.0.3+13-509.11-jcef (21.0.3+13-b509.11, mixed mode, tiered, compressed oops, compressed class ptrs, g1 gc, windows-amd64)
# No core dump will be written. Minidumps are not enabled by default on client versions of Windows
#

---------------  S U M M A R Y ------------

Command Line: git4idea.http.GitAskPassApp Username for 'https://github.com': 

Host: Intel(R) Pentium(R) CPU 4415U @ 2.30GHz, 4 cores, 3G,  Windows 10 , 64 bit Build 16299 (10.0.16299.15)
Time: Thu Oct 10 14:37:59 2024 대한민국 표준시 elapsed time: 1.136116 seconds (0d 0h 0m 1s)

---------------  T H R E A D  ---------------

Current thread (0x000002992a0d44e0):  JavaThread "C2 CompilerThread0" daemon [_thread_in_native, id=16760, stack(0x000000d103100000,0x000000d103200000) (1024K)]


Current CompileTask:
C2:   1136  502       4       jdk.internal.org.objectweb.asm.ByteVector::putUTF8 (144 bytes)

Stack: [0x000000d103100000,0x000000d103200000]
Native frames: (J=compiled Java code, j=interpreted, Vv=VM code, C=native code)
V  [jvm.dll+0x6e02f9]
V  [jvm.dll+0x8bd383]
V  [jvm.dll+0x8bf8de]
V  [jvm.dll+0x8bffc3]
V  [jvm.dll+0x2879c6]
V  [jvm.dll+0xc60ad]
V  [jvm.dll+0xc65e3]
V  [jvm.dll+0x2fd081]
V  [jvm.dll+0x607b29]
V  [jvm.dll+0x2583a2]
V  [jvm.dll+0x250e2a]
V  [jvm.dll+0x24e89e]
V  [jvm.dll+0x1cd034]
V  [jvm.dll+0x25e13c]
V  [jvm.dll+0x25c616]
V  [jvm.dll+0x3fb056]
V  [jvm.dll+0x865338]
V  [jvm.dll+0x6deb3d]
C  [ucrtbase.dll+0x1dc05]
C  [KERNEL32.DLL+0x11fe4]
C  [ntdll.dll+0x6f061]


---------------  P R O C E S S  ---------------

Threads class SMR info:
_java_thread_list=0x000002992a2a33d0, length=11, elements={
0x00000299116895b0, 0x0000029929f9e4c0, 0x000002992a0ca080, 0x000002992a0e8110,
0x000002992a0e8780, 0x000002992a0cebb0, 0x000002992a0d0b20, 0x000002992a0d44e0,
0x000002992a0f0840, 0x000002992a0d11b0, 0x000002992a0d3280
}

Java Threads: ( => current thread )
  0x00000299116895b0 JavaThread "main"                              [_thread_in_vm, id=11560, stack(0x000000d102300000,0x000000d102400000) (1024K)]
  0x0000029929f9e4c0 JavaThread "Reference Handler"          daemon [_thread_blocked, id=15192, stack(0x000000d102b00000,0x000000d102c00000) (1024K)]
  0x000002992a0ca080 JavaThread "Finalizer"                  daemon [_thread_blocked, id=2440, stack(0x000000d102c00000,0x000000d102d00000) (1024K)]
  0x000002992a0e8110 JavaThread "Signal Dispatcher"          daemon [_thread_blocked, id=7732, stack(0x000000d102d00000,0x000000d102e00000) (1024K)]
  0x000002992a0e8780 JavaThread "Attach Listener"            daemon [_thread_blocked, id=15468, stack(0x000000d102e00000,0x000000d102f00000) (1024K)]
  0x000002992a0cebb0 JavaThread "Service Thread"             daemon [_thread_blocked, id=2696, stack(0x000000d102f00000,0x000000d103000000) (1024K)]
  0x000002992a0d0b20 JavaThread "Monitor Deflation Thread"   daemon [_thread_blocked, id=932, stack(0x000000d103000000,0x000000d103100000) (1024K)]
=>0x000002992a0d44e0 JavaThread "C2 CompilerThread0"         daemon [_thread_in_native, id=16760, stack(0x000000d103100000,0x000000d103200000) (1024K)]
  0x000002992a0f0840 JavaThread "C1 CompilerThread0"         daemon [_thread_in_native, id=7076, stack(0x000000d103200000,0x000000d103300000) (1024K)]
  0x000002992a0d11b0 JavaThread "Notification Thread"        daemon [_thread_blocked, id=13980, stack(0x000000d103300000,0x000000d103400000) (1024K)]
  0x000002992a0d3280 JavaThread "Common-Cleaner"             daemon [_thread_blocked, id=15784, stack(0x000000d103400000,0x000000d103500000) (1024K)]
Total: 11

Other Threads:
  0x0000029929f203e0 VMThread "VM Thread"                           [id=15072, stack(0x000000d102a00000,0x000000d102b00000) (1024K)]
  0x0000029929ebcde0 WatcherThread "VM Periodic Task Thread"        [id=15856, stack(0x000000d102900000,0x000000d102a00000) (1024K)]
  0x0000029913816040 WorkerThread "GC Thread#0"                     [id=1060, stack(0x000000d102400000,0x000000d102500000) (1024K)]
  0x000002991381ebe0 ConcurrentGCThread "G1 Main Marker"            [id=12888, stack(0x000000d102500000,0x000000d102600000) (1024K)]
  0x000002991381f890 WorkerThread "G1 Conc#0"                       [id=6668, stack(0x000000d102600000,0x000000d102700000) (1024K)]
  0x0000029913873a70 ConcurrentGCThread "G1 Refine#0"               [id=16064, stack(0x000000d102700000,0x000000d102800000) (1024K)]
  0x00000299138745e0 ConcurrentGCThread "G1 Service"                [id=10000, stack(0x000000d102800000,0x000000d102900000) (1024K)]
Total: 7

Threads with active compile tasks:
C2 CompilerThread0     1194  502       4       jdk.internal.org.objectweb.asm.ByteVector::putUTF8 (144 bytes)
C1 CompilerThread0     1194  500       3       jdk.internal.org.objectweb.asm.Frame::execute (2305 bytes)
Total: 2

VM state: not at safepoint (normal execution)

VM Mutex/Monitor currently owned by a thread: None

Heap address: 0x00000000c2200000, size: 990 MB, Compressed Oops mode: 32-bit

CDS archive(s) not mapped
Compressed class space mapped at: 0x0000000100000000-0x0000000140000000, reserved size: 1073741824
Narrow klass base: 0x0000000000000000, Narrow klass shift: 3, Narrow klass range: 0x140000000

GC Precious Log:
 CardTable entry size: 512
 Card Set container configuration: InlinePtr #cards 5 size 8 Array Of Cards #cards 12 size 40 Howl #buckets 4 coarsen threshold 1843 Howl Bitmap #cards 512 size 80 coarsen threshold 460 Card regions per heap region 1 cards per card region 2048
 CPUs: 4 total, 4 available
 Memory: 3955M
 Large Page Support: Disabled
 NUMA Support: Disabled
 Compressed Oops: Enabled (32-bit)
 Heap Region Size: 1M
 Heap Min Capacity: 8M
 Heap Initial Capacity: 62M
 Heap Max Capacity: 990M
 Pre-touch: Disabled
 Parallel Workers: 4
 Concurrent Workers: 1
 Concurrent Refinement Workers: 4
 Periodic GC: Disabled

Heap:
 garbage-first heap   total 63488K, used 4096K [0x00000000c2200000, 0x0000000100000000)
  region size 1024K, 6 young (6144K), 0 survivors (0K)
 Metaspace       used 11773K, committed 11968K, reserved 1114112K
  class space    used 1041K, committed 1152K, reserved 1048576K

Heap Regions: E=young(eden), S=young(survivor), O=old, HS=humongous(starts), HC=humongous(continues), CS=collection set, F=free, TAMS=top-at-mark-start, PB=parsable bottom
|   0|0x00000000c2200000, 0x00000000c2200000, 0x00000000c2300000|  0%| F|  |TAMS 0x00000000c2200000| PB 0x00000000c2200000| Untracked 
|   1|0x00000000c2300000, 0x00000000c2300000, 0x00000000c2400000|  0%| F|  |TAMS 0x00000000c2300000| PB 0x00000000c2300000| Untracked 
|   2|0x00000000c2400000, 0x00000000c2400000, 0x00000000c2500000|  0%| F|  |TAMS 0x00000000c2400000| PB 0x00000000c2400000| Untracked 
|   3|0x00000000c2500000, 0x00000000c2500000, 0x00000000c2600000|  0%| F|  |TAMS 0x00000000c2500000| PB 0x00000000c2500000| Untracked 
|   4|0x00000000c2600000, 0x00000000c2600000, 0x00000000c2700000|  0%| F|  |TAMS 0x00000000c2600000| PB 0x00000000c2600000| Untracked 
|   5|0x00000000c2700000, 0x00000000c2700000, 0x00000000c2800000|  0%| F|  |TAMS 0x00000000c2700000| PB 0x00000000c2700000| Untracked 
|   6|0x00000000c2800000, 0x00000000c2800000, 0x00000000c2900000|  0%| F|  |TAMS 0x00000000c2800000| PB 0x00000000c2800000| Untracked 
|   7|0x00000000c2900000, 0x00000000c2900000, 0x00000000c2a00000|  0%| F|  |TAMS 0x00000000c2900000| PB 0x00000000c2900000| Untracked 
|   8|0x00000000c2a00000, 0x00000000c2a00000, 0x00000000c2b00000|  0%| F|  |TAMS 0x00000000c2a00000| PB 0x00000000c2a00000| Untracked 
|   9|0x00000000c2b00000, 0x00000000c2b00000, 0x00000000c2c00000|  0%| F|  |TAMS 0x00000000c2b00000| PB 0x00000000c2b00000| Untracked 
|  10|0x00000000c2c00000, 0x00000000c2c00000, 0x00000000c2d00000|  0%| F|  |TAMS 0x00000000c2c00000| PB 0x00000000c2c00000| Untracked 
|  11|0x00000000c2d00000, 0x00000000c2d00000, 0x00000000c2e00000|  0%| F|  |TAMS 0x00000000c2d00000| PB 0x00000000c2d00000| Untracked 
|  12|0x00000000c2e00000, 0x00000000c2e00000, 0x00000000c2f00000|  0%| F|  |TAMS 0x00000000c2e00000| PB 0x00000000c2e00000| Untracked 
|  13|0x00000000c2f00000, 0x00000000c2f00000, 0x00000000c3000000|  0%| F|  |TAMS 0x00000000c2f00000| PB 0x00000000c2f00000| Untracked 
|  14|0x00000000c3000000, 0x00000000c3000000, 0x00000000c3100000|  0%| F|  |TAMS 0x00000000c3000000| PB 0x00000000c3000000| Untracked 
|  15|0x00000000c3100000, 0x00000000c3100000, 0x00000000c3200000|  0%| F|  |TAMS 0x00000000c3100000| PB 0x00000000c3100000| Untracked 
|  16|0x00000000c3200000, 0x00000000c3200000, 0x00000000c3300000|  0%| F|  |TAMS 0x00000000c3200000| PB 0x00000000c3200000| Untracked 
|  17|0x00000000c3300000, 0x00000000c3300000, 0x00000000c3400000|  0%| F|  |TAMS 0x00000000c3300000| PB 0x00000000c3300000| Untracked 
|  18|0x00000000c3400000, 0x00000000c3400000, 0x00000000c3500000|  0%| F|  |TAMS 0x00000000c3400000| PB 0x00000000c3400000| Untracked 
|  19|0x00000000c3500000, 0x00000000c3500000, 0x00000000c3600000|  0%| F|  |TAMS 0x00000000c3500000| PB 0x00000000c3500000| Untracked 
|  20|0x00000000c3600000, 0x00000000c3600000, 0x00000000c3700000|  0%| F|  |TAMS 0x00000000c3600000| PB 0x00000000c3600000| Untracked 
|  21|0x00000000c3700000, 0x00000000c3700000, 0x00000000c3800000|  0%| F|  |TAMS 0x00000000c3700000| PB 0x00000000c3700000| Untracked 
|  22|0x00000000c3800000, 0x00000000c3800000, 0x00000000c3900000|  0%| F|  |TAMS 0x00000000c3800000| PB 0x00000000c3800000| Untracked 
|  23|0x00000000c3900000, 0x00000000c3900000, 0x00000000c3a00000|  0%| F|  |TAMS 0x00000000c3900000| PB 0x00000000c3900000| Untracked 
|  24|0x00000000c3a00000, 0x00000000c3a00000, 0x00000000c3b00000|  0%| F|  |TAMS 0x00000000c3a00000| PB 0x00000000c3a00000| Untracked 
|  25|0x00000000c3b00000, 0x00000000c3b00000, 0x00000000c3c00000|  0%| F|  |TAMS 0x00000000c3b00000| PB 0x00000000c3b00000| Untracked 
|  26|0x00000000c3c00000, 0x00000000c3c00000, 0x00000000c3d00000|  0%| F|  |TAMS 0x00000000c3c00000| PB 0x00000000c3c00000| Untracked 
|  27|0x00000000c3d00000, 0x00000000c3d00000, 0x00000000c3e00000|  0%| F|  |TAMS 0x00000000c3d00000| PB 0x00000000c3d00000| Untracked 
|  28|0x00000000c3e00000, 0x00000000c3e00000, 0x00000000c3f00000|  0%| F|  |TAMS 0x00000000c3e00000| PB 0x00000000c3e00000| Untracked 
|  29|0x00000000c3f00000, 0x00000000c3f00000, 0x00000000c4000000|  0%| F|  |TAMS 0x00000000c3f00000| PB 0x00000000c3f00000| Untracked 
|  30|0x00000000c4000000, 0x00000000c4000000, 0x00000000c4100000|  0%| F|  |TAMS 0x00000000c4000000| PB 0x00000000c4000000| Untracked 
|  31|0x00000000c4100000, 0x00000000c4100000, 0x00000000c4200000|  0%| F|  |TAMS 0x00000000c4100000| PB 0x00000000c4100000| Untracked 
|  32|0x00000000c4200000, 0x00000000c4200000, 0x00000000c4300000|  0%| F|  |TAMS 0x00000000c4200000| PB 0x00000000c4200000| Untracked 
|  33|0x00000000c4300000, 0x00000000c4300000, 0x00000000c4400000|  0%| F|  |TAMS 0x00000000c4300000| PB 0x00000000c4300000| Untracked 
|  34|0x00000000c4400000, 0x00000000c4400000, 0x00000000c4500000|  0%| F|  |TAMS 0x00000000c4400000| PB 0x00000000c4400000| Untracked 
|  35|0x00000000c4500000, 0x00000000c4500000, 0x00000000c4600000|  0%| F|  |TAMS 0x00000000c4500000| PB 0x00000000c4500000| Untracked 
|  36|0x00000000c4600000, 0x00000000c4600000, 0x00000000c4700000|  0%| F|  |TAMS 0x00000000c4600000| PB 0x00000000c4600000| Untracked 
|  37|0x00000000c4700000, 0x00000000c4700000, 0x00000000c4800000|  0%| F|  |TAMS 0x00000000c4700000| PB 0x00000000c4700000| Untracked 
|  38|0x00000000c4800000, 0x00000000c4800000, 0x00000000c4900000|  0%| F|  |TAMS 0x00000000c4800000| PB 0x00000000c4800000| Untracked 
|  39|0x00000000c4900000, 0x00000000c4900000, 0x00000000c4a00000|  0%| F|  |TAMS 0x00000000c4900000| PB 0x00000000c4900000| Untracked 
|  40|0x00000000c4a00000, 0x00000000c4a00000, 0x00000000c4b00000|  0%| F|  |TAMS 0x00000000c4a00000| PB 0x00000000c4a00000| Untracked 
|  41|0x00000000c4b00000, 0x00000000c4b00000, 0x00000000c4c00000|  0%| F|  |TAMS 0x00000000c4b00000| PB 0x00000000c4b00000| Untracked 
|  42|0x00000000c4c00000, 0x00000000c4c00000, 0x00000000c4d00000|  0%| F|  |TAMS 0x00000000c4c00000| PB 0x00000000c4c00000| Untracked 
|  43|0x00000000c4d00000, 0x00000000c4d00000, 0x00000000c4e00000|  0%| F|  |TAMS 0x00000000c4d00000| PB 0x00000000c4d00000| Untracked 
|  44|0x00000000c4e00000, 0x00000000c4e00000, 0x00000000c4f00000|  0%| F|  |TAMS 0x00000000c4e00000| PB 0x00000000c4e00000| Untracked 
|  45|0x00000000c4f00000, 0x00000000c4f00000, 0x00000000c5000000|  0%| F|  |TAMS 0x00000000c4f00000| PB 0x00000000c4f00000| Untracked 
|  46|0x00000000c5000000, 0x00000000c5000000, 0x00000000c5100000|  0%| F|  |TAMS 0x00000000c5000000| PB 0x00000000c5000000| Untracked 
|  47|0x00000000c5100000, 0x00000000c5100000, 0x00000000c5200000|  0%| F|  |TAMS 0x00000000c5100000| PB 0x00000000c5100000| Untracked 
|  48|0x00000000c5200000, 0x00000000c5200000, 0x00000000c5300000|  0%| F|  |TAMS 0x00000000c5200000| PB 0x00000000c5200000| Untracked 
|  49|0x00000000c5300000, 0x00000000c5300000, 0x00000000c5400000|  0%| F|  |TAMS 0x00000000c5300000| PB 0x00000000c5300000| Untracked 
|  50|0x00000000c5400000, 0x00000000c5400000, 0x00000000c5500000|  0%| F|  |TAMS 0x00000000c5400000| PB 0x00000000c5400000| Untracked 
|  51|0x00000000c5500000, 0x00000000c5500000, 0x00000000c5600000|  0%| F|  |TAMS 0x00000000c5500000| PB 0x00000000c5500000| Untracked 
|  52|0x00000000c5600000, 0x00000000c5600000, 0x00000000c5700000|  0%| F|  |TAMS 0x00000000c5600000| PB 0x00000000c5600000| Untracked 
|  53|0x00000000c5700000, 0x00000000c5700000, 0x00000000c5800000|  0%| F|  |TAMS 0x00000000c5700000| PB 0x00000000c5700000| Untracked 
|  54|0x00000000c5800000, 0x00000000c5800000, 0x00000000c5900000|  0%| F|  |TAMS 0x00000000c5800000| PB 0x00000000c5800000| Untracked 
|  55|0x00000000c5900000, 0x00000000c5900000, 0x00000000c5a00000|  0%| F|  |TAMS 0x00000000c5900000| PB 0x00000000c5900000| Untracked 
|  56|0x00000000c5a00000, 0x00000000c5a9e0a8, 0x00000000c5b00000| 61%| E|  |TAMS 0x00000000c5a00000| PB 0x00000000c5a00000| Complete 
|  57|0x00000000c5b00000, 0x00000000c5c00000, 0x00000000c5c00000|100%| E|  |TAMS 0x00000000c5b00000| PB 0x00000000c5b00000| Complete 
|  58|0x00000000c5c00000, 0x00000000c5d00000, 0x00000000c5d00000|100%| E|CS|TAMS 0x00000000c5c00000| PB 0x00000000c5c00000| Complete 
|  59|0x00000000c5d00000, 0x00000000c5e00000, 0x00000000c5e00000|100%| E|CS|TAMS 0x00000000c5d00000| PB 0x00000000c5d00000| Complete 
|  60|0x00000000c5e00000, 0x00000000c5f00000, 0x00000000c5f00000|100%| E|CS|TAMS 0x00000000c5e00000| PB 0x00000000c5e00000| Complete 
|  61|0x00000000c5f00000, 0x00000000c6000000, 0x00000000c6000000|100%| E|CS|TAMS 0x00000000c5f00000| PB 0x00000000c5f00000| Complete 

Card table byte_map: [0x00000299268f0000,0x0000029926ae0000] _byte_map_base: 0x00000299262df000

Marking Bits: (CMBitMap*) 0x0000029913816740
 Bits: [0x0000029926ae0000, 0x0000029927a58000)

Polling page: 0x0000029911790000

Metaspace:

Usage:
  Non-class:     10.48 MB used.
      Class:      1.02 MB used.
       Both:     11.50 MB used.

Virtual space:
  Non-class space:       64.00 MB reserved,      10.56 MB ( 17%) committed,  1 nodes.
      Class space:        1.00 GB reserved,       1.13 MB ( <1%) committed,  1 nodes.
             Both:        1.06 GB reserved,      11.69 MB (  1%) committed. 

Chunk freelists:
   Non-Class:  4.73 MB
       Class:  14.73 MB
        Both:  19.46 MB

MaxMetaspaceSize: unlimited
CompressedClassSpaceSize: 1.00 GB
Initial GC threshold: 21.00 MB
Current GC threshold: 21.00 MB
CDS: off
 - commit_granule_bytes: 65536.
 - commit_granule_words: 8192.
 - virtual_space_node_default_size: 8388608.
 - enlarge_chunks_in_place: 1.
 - use_allocation_guard: 0.


Internal statistics:

num_allocs_failed_limit: 0.
num_arena_births: 42.
num_arena_deaths: 0.
num_vsnodes_births: 2.
num_vsnodes_deaths: 0.
num_space_committed: 187.
num_space_uncommitted: 0.
num_chunks_returned_to_freelist: 0.
num_chunks_taken_from_freelist: 91.
num_chunk_merges: 0.
num_chunk_splits: 52.
num_chunks_enlarged: 34.
num_inconsistent_stats: 0.

CodeHeap 'non-profiled nmethods': size=120000Kb used=130Kb max_used=130Kb free=119870Kb
 bounds [0x000002991f1d0000, 0x000002991f440000, 0x0000029926700000]
CodeHeap 'profiled nmethods': size=120000Kb used=714Kb max_used=714Kb free=119285Kb
 bounds [0x0000029917700000, 0x0000029917970000, 0x000002991ec30000]
CodeHeap 'non-nmethods': size=5760Kb used=1348Kb max_used=1360Kb free=4411Kb
 bounds [0x000002991ec30000, 0x000002991eea0000, 0x000002991f1d0000]
 total_blobs=957 nmethods=500 adapters=363
 compilation: enabled
              stopped_count=0, restarted_count=0
 full_count=0

Compilation events (20 events):
Event: 1.122 Thread 0x000002992a0f0840  490       3       java.nio.Buffer::nextGetIndex (32 bytes)
Event: 1.122 Thread 0x000002992a0f0840 nmethod 490 0x00000299177ae590 code [0x00000299177ae740, 0x00000299177ae918]
Event: 1.122 Thread 0x000002992a0f0840  491       1       jdk.internal.jimage.decompressor.CompressedResourceHeader::getSize (3 bytes)
Event: 1.122 Thread 0x000002992a0f0840 nmethod 491 0x000002991f1ef910 code [0x000002991f1efaa0, 0x000002991f1efb48]
Event: 1.122 Thread 0x000002992a0f0840  492       1       java.security.CodeSource::getLocationNoFragString (5 bytes)
Event: 1.122 Thread 0x000002992a0f0840 nmethod 492 0x000002991f1efc10 code [0x000002991f1efda0, 0x000002991f1efe68]
Event: 1.123 Thread 0x000002992a0f0840  493       3       java.util.concurrent.ConcurrentHashMap$BaseIterator::hasNext (13 bytes)
Event: 1.124 Thread 0x000002992a0f0840 nmethod 493 0x00000299177aea10 code [0x00000299177aeba0, 0x00000299177aed08]
Event: 1.124 Thread 0x000002992a0f0840  495   !   3       java.nio.DirectIntBufferU::get (34 bytes)
Event: 1.125 Thread 0x000002992a0f0840 nmethod 495 0x00000299177aed90 code [0x00000299177aefe0, 0x00000299177af900]
Event: 1.125 Thread 0x000002992a0f0840  494       1       jdk.internal.jimage.ImageHeader::getTableLength (5 bytes)
Event: 1.125 Thread 0x000002992a0f0840 nmethod 494 0x000002991f1eff10 code [0x000002991f1f00a0, 0x000002991f1f0168]
Event: 1.125 Thread 0x000002992a0f0840  496       3       sun.invoke.util.VerifyAccess::isClassAccessible (230 bytes)
Event: 1.127 Thread 0x000002992a0f0840 nmethod 496 0x00000299177afe10 code [0x00000299177b0120, 0x00000299177b0f70]
Event: 1.127 Thread 0x000002992a0f0840  497       3       java.lang.invoke.MethodHandle::<init> (37 bytes)
Event: 1.127 Thread 0x000002992a0f0840 nmethod 497 0x00000299177b1390 code [0x00000299177b15a0, 0x00000299177b1b10]
Event: 1.127 Thread 0x000002992a0f0840  498       3       java.lang.invoke.LambdaForm::prepare (108 bytes)
Event: 1.128 Thread 0x000002992a0f0840 nmethod 498 0x00000299177b1d90 code [0x00000299177b1fe0, 0x00000299177b27b0]
Event: 1.128 Thread 0x000002992a0f0840  500       3       jdk.internal.org.objectweb.asm.Frame::execute (2305 bytes)
Event: 1.129 Thread 0x000002992a0d44e0  502       4       jdk.internal.org.objectweb.asm.ByteVector::putUTF8 (144 bytes)

GC Heap History (0 events):
No events

Dll operation events (2 events):
Event: 0.019 Loaded shared library C:\Program Files\JetBrains\IntelliJ IDEA Community Edition 2024.2.1\jbr\bin\java.dll
Event: 0.032 Loaded shared library C:\Program Files\JetBrains\IntelliJ IDEA Community Edition 2024.2.1\jbr\bin\zip.dll

Deoptimization events (12 events):
Event: 0.650 Thread 0x00000299116895b0 Uncommon trap: trap_request=0xffffff45 fr.pc=0x000002991f1e1e9c relative=0x000000000000007c
Event: 0.650 Thread 0x00000299116895b0 Uncommon trap: reason=unstable_if action=reinterpret pc=0x000002991f1e1e9c method=java.lang.CharacterDataLatin1.toLowerCase(I)I @ 16 c2
Event: 0.650 Thread 0x00000299116895b0 DEOPT PACKING pc=0x000002991f1e1e9c sp=0x000000d1023fb320
Event: 0.650 Thread 0x00000299116895b0 DEOPT UNPACKING pc=0x000002991ec8469c sp=0x000000d1023fb2b0 mode 2
Event: 1.031 Thread 0x00000299116895b0 Uncommon trap: trap_request=0xffffff45 fr.pc=0x000002991f1e32a0 relative=0x0000000000000540
Event: 1.031 Thread 0x00000299116895b0 Uncommon trap: reason=unstable_if action=reinterpret pc=0x000002991f1e32a0 method=java.lang.AbstractStringBuilder.inflateIfNeededFor(Ljava/lang/String;)V @ 14 c2
Event: 1.031 Thread 0x00000299116895b0 DEOPT PACKING pc=0x000002991f1e32a0 sp=0x000000d1023fdfe0
Event: 1.031 Thread 0x00000299116895b0 DEOPT UNPACKING pc=0x000002991ec8469c sp=0x000000d1023fde90 mode 2
Event: 1.031 Thread 0x00000299116895b0 Uncommon trap: trap_request=0xffffff45 fr.pc=0x000002991f1d6968 relative=0x00000000000000c8
Event: 1.031 Thread 0x00000299116895b0 Uncommon trap: reason=unstable_if action=reinterpret pc=0x000002991f1d6968 method=java.lang.String.charAt(I)C @ 4 c2
Event: 1.031 Thread 0x00000299116895b0 DEOPT PACKING pc=0x000002991f1d6968 sp=0x000000d1023fdec0
Event: 1.031 Thread 0x00000299116895b0 DEOPT UNPACKING pc=0x000002991ec8469c sp=0x000000d1023fde60 mode 2

Classes loaded (20 events):
Event: 1.124 Loading class sun/util/logging/internal/LoggingProviderImpl
Event: 1.124 Loading class sun/util/logging/internal/LoggingProviderImpl done
Event: 1.124 Loading class sun/util/logging/internal/LoggingProviderImpl$LogManagerAccess
Event: 1.124 Loading class sun/util/logging/internal/LoggingProviderImpl$LogManagerAccess done
Event: 1.124 Loading class jdk/internal/logger/BootstrapLogger$LoggingBackend
Event: 1.124 Loading class jdk/internal/logger/BootstrapLogger$LoggingBackend done
Event: 1.124 Loading class jdk/internal/logger/LazyLoggers$JdkLazyLogger
Event: 1.124 Loading class jdk/internal/logger/LazyLoggers$LazyLoggerWrapper
Event: 1.124 Loading class jdk/internal/logger/AbstractLoggerWrapper
Event: 1.124 Loading class jdk/internal/logger/AbstractLoggerWrapper done
Event: 1.124 Loading class jdk/internal/logger/LazyLoggers$LazyLoggerWrapper done
Event: 1.124 Loading class jdk/internal/logger/LazyLoggers$JdkLazyLogger done
Event: 1.125 Loading class jdk/internal/logger/LazyLoggers$LazyLoggerAccessor
Event: 1.125 Loading class jdk/internal/logger/LazyLoggers$LoggerAccessor
Event: 1.125 Loading class jdk/internal/logger/LazyLoggers$LoggerAccessor done
Event: 1.125 Loading class jdk/internal/logger/LazyLoggers$LazyLoggerAccessor done
Event: 1.126 Loading class java/lang/runtime/ObjectMethods
Event: 1.126 Loading class java/lang/runtime/ObjectMethods done
Event: 1.128 Loading class java/lang/invoke/MethodHandleImpl$AsVarargsCollector
Event: 1.128 Loading class java/lang/invoke/MethodHandleImpl$AsVarargsCollector done

Classes unloaded (0 events):
No events

Classes redefined (0 events):
No events

Internal exceptions (12 events):
Event: 0.649 Thread 0x00000299116895b0 Exception <a 'sun/nio/fs/WindowsException'{0x00000000c5c1f2b8}> (0x00000000c5c1f2b8) 
thrown [s\src\hotspot\share\prims\jni.cpp, line 535]
Event: 0.798 Thread 0x00000299116895b0 Exception <a 'java/lang/NoSuchMethodError'{0x00000000c5cfb840}: 'java.lang.Object java.lang.invoke.DirectMethodHandle$Holder.invokeStaticInit(java.lang.Object, int, int, int, int)'> (0x00000000c5cfb840) 
thrown [s\src\hotspot\share\interpreter\linkResolver.cpp, line 784]
Event: 1.044 Thread 0x00000299116895b0 Exception <a 'java/lang/NoSuchMethodError'{0x00000000c5b1e050}: 'java.lang.Object java.lang.invoke.DirectMethodHandle$Holder.invokeStaticInit(java.lang.Object, java.lang.Object, int, int, int, int)'> (0x00000000c5b1e050) 
thrown [s\src\hotspot\share\interpreter\linkResolver.cpp, line 784]
Event: 1.087 Thread 0x00000299116895b0 Exception <a 'java/lang/NoSuchMethodError'{0x00000000c5a1e640}: 'java.lang.Object java.lang.invoke.DirectMethodHandle$Holder.invokeStatic(java.lang.Object, java.lang.Object, int)'> (0x00000000c5a1e640) 
thrown [s\src\hotspot\share\interpreter\linkResolver.cpp, line 784]
Event: 1.088 Thread 0x00000299116895b0 Exception <a 'java/lang/NoSuchMethodError'{0x00000000c5a21b10}: 'java.lang.Object java.lang.invoke.DirectMethodHandle$Holder.invokeStaticInit(java.lang.Object, java.lang.Object, int)'> (0x00000000c5a21b10) 
thrown [s\src\hotspot\share\interpreter\linkResolver.cpp, line 784]
Event: 1.089 Thread 0x00000299116895b0 Exception <a 'java/lang/NoSuchMethodError'{0x00000000c5a274e8}: 'java.lang.Object java.lang.invoke.DirectMethodHandle$Holder.newInvokeSpecial(java.lang.Object, java.lang.Object, int)'> (0x00000000c5a274e8) 
thrown [s\src\hotspot\share\interpreter\linkResolver.cpp, line 784]
Event: 1.090 Thread 0x00000299116895b0 Exception <a 'java/lang/NoSuchMethodError'{0x00000000c5a2bec0}: 'int java.lang.invoke.DirectMethodHandle$Holder.invokeStaticInit(java.lang.Object, java.lang.Object, java.lang.Object)'> (0x00000000c5a2bec0) 
thrown [s\src\hotspot\share\interpreter\linkResolver.cpp, line 784]
Event: 1.095 Thread 0x00000299116895b0 Exception <a 'java/lang/NoSuchMethodError'{0x00000000c5a3a620}: 'int java.lang.invoke.DirectMethodHandle$Holder.invokeSpecial(java.lang.Object, java.lang.Object, java.lang.Object)'> (0x00000000c5a3a620) 
thrown [s\src\hotspot\share\interpreter\linkResolver.cpp, line 784]
Event: 1.097 Thread 0x00000299116895b0 Exception <a 'java/lang/NoSuchMethodError'{0x00000000c5a3ff58}: 'int java.lang.invoke.DirectMethodHandle$Holder.invokeStaticInit(java.lang.Object, java.lang.Object)'> (0x00000000c5a3ff58) 
thrown [s\src\hotspot\share\interpreter\linkResolver.cpp, line 784]
Event: 1.098 Thread 0x00000299116895b0 Exception <a 'java/lang/NoSuchMethodError'{0x00000000c5a45780}: 'int java.lang.invoke.DirectMethodHandle$Holder.invokeSpecialIFC(java.lang.Object, java.lang.Object, java.lang.Object)'> (0x00000000c5a45780) 
thrown [s\src\hotspot\share\interpreter\linkResolver.cpp, line 784]
Event: 1.127 Thread 0x00000299116895b0 Exception <a 'java/lang/NoSuchMethodError'{0x00000000c5a786a0}: 'java.lang.Object java.lang.invoke.DirectMethodHandle$Holder.invokeStaticInit(java.lang.Object, java.lang.Object, java.lang.Object, java.lang.Object, java.lang.Object, java.lang.Object, java.lang.Object)'> (0x00000000c5a786a0) 
thrown [s\src\hotspot\share\interpreter\linkResolver.cpp, line 784]
Event: 1.131 Thread 0x00000299116895b0 Exception <a 'java/lang/NoSuchMethodError'{0x00000000c5a81880}: 'java.lang.Object java.lang.invoke.Invokers$Holder.invoke_MT(java.lang.Object, java.lang.Object, java.lang.Object, java.lang.Object, java.lang.Object, java.lang.Object, java.lang.Object, java.lang.Object, java.lang.Object, java.lang.Object)'> (0x00000000c5a81880) 
thrown [s\src\hotspot\share\interpreter\linkResolver.cpp, line 784]

ZGC Phase Switch (0 events):
No events

VM Operations (6 events):
Event: 0.379 Executing VM operation: HandshakeAllThreads (Deoptimize)
Event: 0.380 Executing VM operation: HandshakeAllThreads (Deoptimize) done
Event: 0.402 Executing VM operation: HandshakeAllThreads (Deoptimize)
Event: 0.402 Executing VM operation: HandshakeAllThreads (Deoptimize) done
Event: 0.938 Executing VM operation: HandshakeAllThreads (Deoptimize)
Event: 0.938 Executing VM operation: HandshakeAllThreads (Deoptimize) done

Events (16 events):
Event: 0.028 Thread 0x00000299116895b0 Thread added: 0x00000299116895b0
Event: 0.172 Thread 0x0000029929f9e4c0 Thread added: 0x0000029929f9e4c0
Event: 0.173 Thread 0x000002992a0ca080 Thread added: 0x000002992a0ca080
Event: 0.176 Thread 0x000002992a0e8110 Thread added: 0x000002992a0e8110
Event: 0.177 Thread 0x000002992a0e8780 Thread added: 0x000002992a0e8780
Event: 0.177 Thread 0x000002992a0cebb0 Thread added: 0x000002992a0cebb0
Event: 0.177 Thread 0x000002992a0d0b20 Thread added: 0x000002992a0d0b20
Event: 0.177 Thread 0x000002992a0d44e0 Thread added: 0x000002992a0d44e0
Event: 0.178 Thread 0x000002992a0f0840 Thread added: 0x000002992a0f0840
Event: 0.303 Thread 0x000002992a0d11b0 Thread added: 0x000002992a0d11b0
Event: 0.327 Thread 0x000002992a0d3280 Thread added: 0x000002992a0d3280
Event: 0.353 Loaded shared library C:\Program Files\JetBrains\IntelliJ IDEA Community Edition 2024.2.1\jbr\bin\net.dll
Event: 0.357 Loaded shared library C:\Program Files\JetBrains\IntelliJ IDEA Community Edition 2024.2.1\jbr\bin\nio.dll
Event: 0.372 Loaded shared library C:\Program Files\JetBrains\IntelliJ IDEA Community Edition 2024.2.1\jbr\bin\zip.dll
Event: 0.513 Loaded shared library C:\Program Files\JetBrains\IntelliJ IDEA Community Edition 2024.2.1\jbr\bin\jimage.dll
Event: 0.550 Loaded shared library C:\Program Files\JetBrains\IntelliJ IDEA Community Edition 2024.2.1\jbr\bin\sunmscapi.dll


Dynamic libraries:
0x00007ff619300000 - 0x00007ff61930a000 	C:\Program Files\JetBrains\IntelliJ IDEA Community Edition 2024.2.1\jbr\bin\java.exe
0x00007ff9a73f0000 - 0x00007ff9a75d0000 	C:\Windows\SYSTEM32\ntdll.dll
0x00007ff9a4cf0000 - 0x00007ff9a4d9e000 	C:\Windows\System32\KERNEL32.DLL
0x00007ff9a3810000 - 0x00007ff9a3a76000 	C:\Windows\System32\KERNELBASE.dll
0x00007ff9a4370000 - 0x00007ff9a4466000 	C:\Windows\System32\ucrtbase.dll
0x00007ff985320000 - 0x00007ff985338000 	C:\Program Files\JetBrains\IntelliJ IDEA Community Edition 2024.2.1\jbr\bin\jli.dll
0x00007ff9a5600000 - 0x00007ff9a578f000 	C:\Windows\System32\USER32.dll
0x00007ff9a37f0000 - 0x00007ff9a3810000 	C:\Windows\System32\win32u.dll
0x00007ff9a72b0000 - 0x00007ff9a72d8000 	C:\Windows\System32\GDI32.dll
0x00007ff9a3a80000 - 0x00007ff9a3c13000 	C:\Windows\System32\gdi32full.dll
0x00007ff9a4770000 - 0x00007ff9a480b000 	C:\Windows\System32\msvcp_win.dll
0x00007ff994090000 - 0x00007ff9942f9000 	C:\Windows\WinSxS\amd64_microsoft.windows.common-controls_6595b64144ccf1df_6.0.16299.334_none_15cad2e69362ed51\COMCTL32.dll
0x00007ff9a5130000 - 0x00007ff9a51cd000 	C:\Windows\System32\msvcrt.dll
0x00007ff9a52f0000 - 0x00007ff9a55f8000 	C:\Windows\System32\combase.dll
0x00007ff9a51d0000 - 0x00007ff9a52ef000 	C:\Windows\System32\RPCRT4.dll
0x00007ff9a46f0000 - 0x00007ff9a4762000 	C:\Windows\System32\bcryptPrimitives.dll
0x00007ff997320000 - 0x00007ff99733b000 	C:\Program Files\JetBrains\IntelliJ IDEA Community Edition 2024.2.1\jbr\bin\VCRUNTIME140.dll
0x00007ff9a4c50000 - 0x00007ff9a4c7d000 	C:\Windows\System32\IMM32.DLL
0x00007ff99fbf0000 - 0x00007ff99fbfc000 	C:\Program Files\JetBrains\IntelliJ IDEA Community Edition 2024.2.1\jbr\bin\vcruntime140_1.dll
0x00007ff9702c0000 - 0x00007ff97034d000 	C:\Program Files\JetBrains\IntelliJ IDEA Community Edition 2024.2.1\jbr\bin\msvcp140.dll
0x00007ff962f10000 - 0x00007ff963cc2000 	C:\Program Files\JetBrains\IntelliJ IDEA Community Edition 2024.2.1\jbr\bin\server\jvm.dll
0x00007ff9a6ce0000 - 0x00007ff9a6d81000 	C:\Windows\System32\ADVAPI32.dll
0x00007ff9a4bf0000 - 0x00007ff9a4c4b000 	C:\Windows\System32\sechost.dll
0x00007ff9a3780000 - 0x00007ff9a37cc000 	C:\Windows\System32\POWRPROF.dll
0x00007ff9a7240000 - 0x00007ff9a72ac000 	C:\Windows\System32\WS2_32.dll
0x00007ff9a0da0000 - 0x00007ff9a0dc3000 	C:\Windows\SYSTEM32\WINMM.dll
0x00007ff9a0d40000 - 0x00007ff9a0d6a000 	C:\Windows\SYSTEM32\winmmbase.dll
0x00007ff9a4810000 - 0x00007ff9a485a000 	C:\Windows\System32\cfgmgr32.dll
0x00007ff994310000 - 0x00007ff99431a000 	C:\Windows\SYSTEM32\VERSION.dll
0x00007ff9a37d0000 - 0x00007ff9a37e1000 	C:\Windows\System32\kernel.appcore.dll
0x00007ff99fbe0000 - 0x00007ff99fbea000 	C:\Program Files\JetBrains\IntelliJ IDEA Community Edition 2024.2.1\jbr\bin\jimage.dll
0x00007ff9a2220000 - 0x00007ff9a23e8000 	C:\Windows\SYSTEM32\DBGHELP.DLL
0x00007ff993780000 - 0x00007ff9937a9000 	C:\Windows\SYSTEM32\dbgcore.DLL
0x00007ff98f160000 - 0x00007ff98f17f000 	C:\Program Files\JetBrains\IntelliJ IDEA Community Edition 2024.2.1\jbr\bin\java.dll
0x00007ff98b530000 - 0x00007ff98b548000 	C:\Program Files\JetBrains\IntelliJ IDEA Community Edition 2024.2.1\jbr\bin\zip.dll
0x00007ff9a58a0000 - 0x00007ff9a6cd6000 	C:\Windows\System32\SHELL32.dll
0x00007ff9a48c0000 - 0x00007ff9a4966000 	C:\Windows\System32\shcore.dll
0x00007ff9a3c20000 - 0x00007ff9a4367000 	C:\Windows\System32\windows.storage.dll
0x00007ff9a72e0000 - 0x00007ff9a7331000 	C:\Windows\System32\shlwapi.dll
0x00007ff9a3740000 - 0x00007ff9a375b000 	C:\Windows\System32\profapi.dll
0x00007ff99d4d0000 - 0x00007ff99d4e0000 	C:\Program Files\JetBrains\IntelliJ IDEA Community Edition 2024.2.1\jbr\bin\net.dll
0x00007ff99c550000 - 0x00007ff99c62e000 	C:\Windows\SYSTEM32\WINHTTP.dll
0x00007ff9a2f70000 - 0x00007ff9a2fd6000 	C:\Windows\system32\mswsock.dll
0x00007ff988cc0000 - 0x00007ff988cd6000 	C:\Program Files\JetBrains\IntelliJ IDEA Community Edition 2024.2.1\jbr\bin\nio.dll
0x00007ff99a870000 - 0x00007ff99a87e000 	C:\Program Files\JetBrains\IntelliJ IDEA Community Edition 2024.2.1\jbr\bin\sunmscapi.dll
0x00007ff9a4470000 - 0x00007ff9a463e000 	C:\Windows\System32\CRYPT32.dll
0x00007ff9a3760000 - 0x00007ff9a3772000 	C:\Windows\System32\MSASN1.dll
0x00007ff9a3270000 - 0x00007ff9a3296000 	C:\Windows\SYSTEM32\ncrypt.dll
0x00007ff9a3230000 - 0x00007ff9a3266000 	C:\Windows\SYSTEM32\NTASN1.dll
0x00007ff9a32a0000 - 0x00007ff9a32c5000 	C:\Windows\SYSTEM32\bcrypt.dll
0x00007ff9a3140000 - 0x00007ff9a3157000 	C:\Windows\SYSTEM32\CRYPTSP.dll
0x00007ff9a2b70000 - 0x00007ff9a2ba3000 	C:\Windows\system32\rsaenh.dll
0x00007ff9a3670000 - 0x00007ff9a3699000 	C:\Windows\SYSTEM32\USERENV.dll
0x00007ff9a3130000 - 0x00007ff9a313b000 	C:\Windows\SYSTEM32\CRYPTBASE.dll
0x00007ff9a2d00000 - 0x00007ff9a2d39000 	C:\Windows\SYSTEM32\IPHLPAPI.DLL
0x00007ff9a4970000 - 0x00007ff9a4978000 	C:\Windows\System32\NSI.dll

dbghelp: loaded successfully - version: 4.0.5 - missing functions: none
symbol engine: initialized successfully - sym options: 0x614 - pdb path: .;C:\Program Files\JetBrains\IntelliJ IDEA Community Edition 2024.2.1\jbr\bin;C:\Windows\SYSTEM32;C:\Windows\WinSxS\amd64_microsoft.windows.common-controls_6595b64144ccf1df_6.0.16299.334_none_15cad2e69362ed51;C:\Program Files\JetBrains\IntelliJ IDEA Community Edition 2024.2.1\jbr\bin\server

VM Arguments:
java_command: git4idea.http.GitAskPassApp Username for 'https://github.com': 
java_class_path (initial): C:/Program Files/JetBrains/IntelliJ IDEA Community Edition 2024.2.1/plugins/vcs-git/lib/git4idea-rt.jar;C:/Program Files/JetBrains/IntelliJ IDEA Community Edition 2024.2.1/lib/externalProcess-rt.jar
Launcher Type: SUN_STANDARD

[Global flags]
     intx CICompilerCount                          = 3                                         {product} {ergonomic}
     uint ConcGCThreads                            = 1                                         {product} {ergonomic}
     uint G1ConcRefinementThreads                  = 4                                         {product} {ergonomic}
   size_t G1HeapRegionSize                         = 1048576                                   {product} {ergonomic}
    uintx GCDrainStackTargetSize                   = 64                                        {product} {ergonomic}
   size_t InitialHeapSize                          = 65011712                                  {product} {ergonomic}
   size_t MarkStackSize                            = 4194304                                   {product} {ergonomic}
   size_t MaxHeapSize                              = 1038090240                                {product} {ergonomic}
   size_t MaxNewSize                               = 622854144                                 {product} {ergonomic}
   size_t MinHeapDeltaBytes                        = 1048576                                   {product} {ergonomic}
   size_t MinHeapSize                              = 8388608                                   {product} {ergonomic}
    uintx NonNMethodCodeHeapSize                   = 5832780                                {pd product} {ergonomic}
    uintx NonProfiledCodeHeapSize                  = 122912730                              {pd product} {ergonomic}
    uintx ProfiledCodeHeapSize                     = 122912730                              {pd product} {ergonomic}
    uintx ReservedCodeCacheSize                    = 251658240                              {pd product} {ergonomic}
     bool SegmentedCodeCache                       = true                                      {product} {ergonomic}
   size_t SoftMaxHeapSize                          = 1038090240                             {manageable} {ergonomic}
     bool UseCompressedOops                        = true                           {product lp64_product} {ergonomic}
     bool UseG1GC                                  = true                                      {product} {ergonomic}
     bool UseLargePagesIndividualAllocation        = false                                  {pd product} {ergonomic}

Logging:
Log output configuration:
 #0: stdout all=warning uptime,level,tags foldmultilines=false
 #1: stderr all=off uptime,level,tags foldmultilines=false

Environment Variables:
JAVA_HOME=C:\Program Files\Java\jdk-11
PATH=C:\Program Files\Git\mingw64\libexec\git-core;C:\Program Files\Git\mingw64\libexec\git-core;C:\Program Files\Git\mingw64\bin;C:\Program Files\Git\usr\bin;C:\Users\bbb07\bin;C:\Program Files\Java\jdk-11\bin;C:\Program Files\Common Files\Oracle\Java\javapath;C:\oraclexe\app\oracle\product\11.2.0\server\bin;C:\Program Files (x86)\Intel\Intel(R) Management Engine Components\iCLS;C:\Program Files\Intel\Intel(R) Management Engine Components\iCLS;C:\Windows\system32;C:\Windows;C:\Windows\System32\Wbem;C:\Windows\System32\WindowsPowerShell\v1.0;C:\Program Files (x86)\Intel\Intel(R) Management Engine Components\DAL;C:\Program Files\Intel\Intel(R) Management Engine Components\DAL;C:\Program Files (x86)\Intel\Intel(R) Management Engine Components\IPT;C:\Program Files\Intel\Intel(R) Management Engine Components\IPT;C:\Program Files\MySQL\MySQL Server 8.0\bin;C:\Program Files\Git\cmd;C:\Program Files\Bandizip;C:\Program Files\nodejs;C:\Program Files (x86)\Yarn\bin;C:\ProgramData\chocolatey\bin;C:\Users\bbb07\AppData\Local\Microsoft\WindowsApps;C:\Users\bbb07\AppData\Local\Programs\Microsoft VS Code\bin;C:\Users\bbb07\AppData\Roaming\npm;C:\Users\bbb07\AppData\Local\Yarn\bin;C:\Program Files\JetBrains\IntelliJ IDEA Community Edition 2024.2.1\bin
USERNAME=bbb07
DISPLAY=:0.0
LC_ALL=en_US.UTF-8
TERM=xterm-256color
TMPDIR=C:\Users\bbb07\AppData\Local\Temp
OS=Windows_NT
PROCESSOR_IDENTIFIER=Intel64 Family 6 Model 142 Stepping 9, GenuineIntel
TMP=C:\Users\bbb07\AppData\Local\Temp
TEMP=C:\Users\bbb07\AppData\Local\Temp




Periodic native trim disabled

JNI global refs:
JNI global refs: 18, weak refs: 0

JNI global refs memory usage: 835, weak refs: 201

Process memory usage:
Resident Set Size: 53668K (1% of 4050124K total physical memory with 238228K free physical memory)

OOME stack traces (most recent first):
Classloader memory used:
Loader bootstrap                                                                       : 11416K
Loader jdk.internal.loader.ClassLoaders$PlatformClassLoader                            : 341K
Loader jdk.internal.loader.ClassLoaders$AppClassLoader                                 : 16408B

---------------  S Y S T E M  ---------------

OS:
 Windows 10 , 64 bit Build 16299 (10.0.16299.15)
OS uptime: 10 days 5:36 hours

CPU: total 4 (initial active 4) (2 cores per cpu, 2 threads per core) family 6 model 142 stepping 9 microcode 0x8e, cx8, cmov, fxsr, ht, mmx, 3dnowpref, sse, sse2, sse3, ssse3, sse4.1, sse4.2, popcnt, lzcnt, tsc, tscinvbit, aes, erms, clmul, clflush, clflushopt, rdtscp
Processor Information for all 4 processors :
  Max Mhz: 2304, Current Mhz: 2304, Mhz Limit: 2304

Memory: 4k page, system-wide physical 3955M (232M free)
TotalPageFile size 16243M (AvailPageFile size 0M)
current process WorkingSet (physical memory assigned to process): 52M, peak: 52M
current process commit charge ("private bytes"): 136M, peak: 137M

vm_info: OpenJDK 64-Bit Server VM (21.0.3+13-b509.11) for windows-amd64 JRE (21.0.3+13-b509.11), built on 2024-08-12 by "builduser" with MS VC++ 16.10 / 16.11 (VS2019)

END.
